{"contracts/Ownable.sol":{"l":{"19":5,"26":3,"27":1,"35":1,"36":1,"37":1},"path":"/Users/juanma/PROJECTS/2019/REALFUND/smart-contract-starter/contracts/Ownable.sol","s":{"1":5,"2":3,"3":1,"4":1,"5":1},"b":{"1":[1,2],"2":[1,0]},"f":{"1":5,"2":3,"3":1},"fnMap":{"1":{"name":null,"line":18,"loc":{"start":{"line":18,"column":4},"end":{"line":18,"column":22}}},"2":{"name":"onlyOwner","line":25,"loc":{"start":{"line":25,"column":4},"end":{"line":25,"column":22}}},"3":{"name":"transferOwnership","line":34,"loc":{"start":{"line":34,"column":4},"end":{"line":34,"column":63}}}},"statementMap":{"1":{"start":{"line":19,"column":8},"end":{"line":19,"column":25}},"2":{"start":{"line":26,"column":8},"end":{"line":26,"column":60}},"3":{"start":{"line":35,"column":8},"end":{"line":35,"column":67}},"4":{"start":{"line":36,"column":8},"end":{"line":36,"column":50}},"5":{"start":{"line":37,"column":8},"end":{"line":37,"column":23}}},"branchMap":{"1":{"line":26,"type":"if","locations":[{"start":{"line":26,"column":8},"end":{"line":26,"column":8}},{"start":{"line":26,"column":8},"end":{"line":26,"column":8}}]},"2":{"line":35,"type":"if","locations":[{"start":{"line":35,"column":8},"end":{"line":35,"column":8}},{"start":{"line":35,"column":8},"end":{"line":35,"column":8}}]}}}}